<?xml version="1.0" encoding="UTF-8"?>
<testsuite xmlns:xsi="http://www.w3.org/2001/XMLSchema-instance" xsi:noNamespaceSchemaLocation="https://maven.apache.org/surefire/maven-surefire-plugin/xsd/surefire-test-report.xsd" name="io.cucumber.skeleton.RunCucumberTest" time="37.657" tests="3" errors="0" skipped="0" failures="0">
  <properties>
    <property name="java.specification.version" value="15"/>
    <property name="sun.jnu.encoding" value="UTF-8"/>
    <property name="java.class.path" value="/Users/baharyildiz/Desktop/hepsiburada/hb-test-automation/target/test-classes:/Users/baharyildiz/Desktop/hepsiburada/hb-test-automation/target/classes:/Users/baharyildiz/.m2/repository/io/cucumber/cucumber-java/6.10.4/cucumber-java-6.10.4.jar:/Users/baharyildiz/.m2/repository/io/cucumber/cucumber-core/6.10.4/cucumber-core-6.10.4.jar:/Users/baharyildiz/.m2/repository/io/cucumber/cucumber-gherkin/6.10.4/cucumber-gherkin-6.10.4.jar:/Users/baharyildiz/.m2/repository/io/cucumber/cucumber-gherkin-messages/6.10.4/cucumber-gherkin-messages-6.10.4.jar:/Users/baharyildiz/.m2/repository/io/cucumber/messages/15.0.0/messages-15.0.0.jar:/Users/baharyildiz/.m2/repository/io/cucumber/tag-expressions/3.0.1/tag-expressions-3.0.1.jar:/Users/baharyildiz/.m2/repository/io/cucumber/cucumber-expressions/10.3.0/cucumber-expressions-10.3.0.jar:/Users/baharyildiz/.m2/repository/io/cucumber/datatable/3.5.0/datatable-3.5.0.jar:/Users/baharyildiz/.m2/repository/io/cucumber/cucumber-plugin/6.10.4/cucumber-plugin-6.10.4.jar:/Users/baharyildiz/.m2/repository/io/cucumber/docstring/6.10.4/docstring-6.10.4.jar:/Users/baharyildiz/.m2/repository/io/cucumber/html-formatter/13.0.0/html-formatter-13.0.0.jar:/Users/baharyildiz/.m2/repository/io/cucumber/create-meta/4.0.0/create-meta-4.0.0.jar:/Users/baharyildiz/.m2/repository/org/apiguardian/apiguardian-api/1.1.1/apiguardian-api-1.1.1.jar:/Users/baharyildiz/.m2/repository/io/cucumber/cucumber-junit/6.10.4/cucumber-junit-6.10.4.jar:/Users/baharyildiz/.m2/repository/junit/junit/4.13.2/junit-4.13.2.jar:/Users/baharyildiz/.m2/repository/org/hamcrest/hamcrest-core/1.3/hamcrest-core-1.3.jar:/Users/baharyildiz/.m2/repository/org/seleniumhq/selenium/selenium-api/3.141.5/selenium-api-3.141.5.jar:/Users/baharyildiz/.m2/repository/org/seleniumhq/selenium/selenium-chrome-driver/3.141.5/selenium-chrome-driver-3.141.5.jar:/Users/baharyildiz/.m2/repository/org/seleniumhq/selenium/selenium-remote-driver/3.141.5/selenium-remote-driver-3.141.5.jar:/Users/baharyildiz/.m2/repository/net/bytebuddy/byte-buddy/1.8.15/byte-buddy-1.8.15.jar:/Users/baharyildiz/.m2/repository/org/apache/commons/commons-exec/1.3/commons-exec-1.3.jar:/Users/baharyildiz/.m2/repository/com/google/guava/guava/25.0-jre/guava-25.0-jre.jar:/Users/baharyildiz/.m2/repository/com/google/code/findbugs/jsr305/1.3.9/jsr305-1.3.9.jar:/Users/baharyildiz/.m2/repository/org/checkerframework/checker-compat-qual/2.0.0/checker-compat-qual-2.0.0.jar:/Users/baharyildiz/.m2/repository/com/google/errorprone/error_prone_annotations/2.1.3/error_prone_annotations-2.1.3.jar:/Users/baharyildiz/.m2/repository/com/google/j2objc/j2objc-annotations/1.1/j2objc-annotations-1.1.jar:/Users/baharyildiz/.m2/repository/org/codehaus/mojo/animal-sniffer-annotations/1.14/animal-sniffer-annotations-1.14.jar:/Users/baharyildiz/.m2/repository/com/squareup/okhttp3/okhttp/3.11.0/okhttp-3.11.0.jar:/Users/baharyildiz/.m2/repository/com/squareup/okio/okio/1.14.0/okio-1.14.0.jar:/Users/baharyildiz/.m2/repository/org/seleniumhq/selenium/selenium-support/3.141.5/selenium-support-3.141.5.jar:"/>
    <property name="java.vm.vendor" value="Oracle Corporation"/>
    <property name="sun.arch.data.model" value="64"/>
    <property name="java.vendor.url" value="https://openjdk.java.net/"/>
    <property name="os.name" value="Mac OS X"/>
    <property name="java.vm.specification.version" value="15"/>
    <property name="sun.java.launcher" value="SUN_STANDARD"/>
    <property name="user.country" value="TR"/>
    <property name="sun.boot.library.path" value="/usr/local/Cellar/openjdk/15.0.2/libexec/openjdk.jdk/Contents/Home/lib"/>
    <property name="sun.java.command" value="/Users/baharyildiz/Desktop/hepsiburada/hb-test-automation/target/surefire/surefirebooter18087102970951099218.jar /Users/baharyildiz/Desktop/hepsiburada/hb-test-automation/target/surefire 2021-05-25T00-03-04_072-jvmRun1 surefire952824998328977131tmp surefire_01568081872807199816tmp"/>
    <property name="http.nonProxyHosts" value="local|*.local|169.254/16|*.169.254/16"/>
    <property name="jdk.debug" value="release"/>
    <property name="surefire.test.class.path" value="/Users/baharyildiz/Desktop/hepsiburada/hb-test-automation/target/test-classes:/Users/baharyildiz/Desktop/hepsiburada/hb-test-automation/target/classes:/Users/baharyildiz/.m2/repository/io/cucumber/cucumber-java/6.10.4/cucumber-java-6.10.4.jar:/Users/baharyildiz/.m2/repository/io/cucumber/cucumber-core/6.10.4/cucumber-core-6.10.4.jar:/Users/baharyildiz/.m2/repository/io/cucumber/cucumber-gherkin/6.10.4/cucumber-gherkin-6.10.4.jar:/Users/baharyildiz/.m2/repository/io/cucumber/cucumber-gherkin-messages/6.10.4/cucumber-gherkin-messages-6.10.4.jar:/Users/baharyildiz/.m2/repository/io/cucumber/messages/15.0.0/messages-15.0.0.jar:/Users/baharyildiz/.m2/repository/io/cucumber/tag-expressions/3.0.1/tag-expressions-3.0.1.jar:/Users/baharyildiz/.m2/repository/io/cucumber/cucumber-expressions/10.3.0/cucumber-expressions-10.3.0.jar:/Users/baharyildiz/.m2/repository/io/cucumber/datatable/3.5.0/datatable-3.5.0.jar:/Users/baharyildiz/.m2/repository/io/cucumber/cucumber-plugin/6.10.4/cucumber-plugin-6.10.4.jar:/Users/baharyildiz/.m2/repository/io/cucumber/docstring/6.10.4/docstring-6.10.4.jar:/Users/baharyildiz/.m2/repository/io/cucumber/html-formatter/13.0.0/html-formatter-13.0.0.jar:/Users/baharyildiz/.m2/repository/io/cucumber/create-meta/4.0.0/create-meta-4.0.0.jar:/Users/baharyildiz/.m2/repository/org/apiguardian/apiguardian-api/1.1.1/apiguardian-api-1.1.1.jar:/Users/baharyildiz/.m2/repository/io/cucumber/cucumber-junit/6.10.4/cucumber-junit-6.10.4.jar:/Users/baharyildiz/.m2/repository/junit/junit/4.13.2/junit-4.13.2.jar:/Users/baharyildiz/.m2/repository/org/hamcrest/hamcrest-core/1.3/hamcrest-core-1.3.jar:/Users/baharyildiz/.m2/repository/org/seleniumhq/selenium/selenium-api/3.141.5/selenium-api-3.141.5.jar:/Users/baharyildiz/.m2/repository/org/seleniumhq/selenium/selenium-chrome-driver/3.141.5/selenium-chrome-driver-3.141.5.jar:/Users/baharyildiz/.m2/repository/org/seleniumhq/selenium/selenium-remote-driver/3.141.5/selenium-remote-driver-3.141.5.jar:/Users/baharyildiz/.m2/repository/net/bytebuddy/byte-buddy/1.8.15/byte-buddy-1.8.15.jar:/Users/baharyildiz/.m2/repository/org/apache/commons/commons-exec/1.3/commons-exec-1.3.jar:/Users/baharyildiz/.m2/repository/com/google/guava/guava/25.0-jre/guava-25.0-jre.jar:/Users/baharyildiz/.m2/repository/com/google/code/findbugs/jsr305/1.3.9/jsr305-1.3.9.jar:/Users/baharyildiz/.m2/repository/org/checkerframework/checker-compat-qual/2.0.0/checker-compat-qual-2.0.0.jar:/Users/baharyildiz/.m2/repository/com/google/errorprone/error_prone_annotations/2.1.3/error_prone_annotations-2.1.3.jar:/Users/baharyildiz/.m2/repository/com/google/j2objc/j2objc-annotations/1.1/j2objc-annotations-1.1.jar:/Users/baharyildiz/.m2/repository/org/codehaus/mojo/animal-sniffer-annotations/1.14/animal-sniffer-annotations-1.14.jar:/Users/baharyildiz/.m2/repository/com/squareup/okhttp3/okhttp/3.11.0/okhttp-3.11.0.jar:/Users/baharyildiz/.m2/repository/com/squareup/okio/okio/1.14.0/okio-1.14.0.jar:/Users/baharyildiz/.m2/repository/org/seleniumhq/selenium/selenium-support/3.141.5/selenium-support-3.141.5.jar:"/>
    <property name="sun.cpu.endian" value="little"/>
    <property name="user.home" value="/Users/baharyildiz"/>
    <property name="user.language" value="tr"/>
    <property name="java.specification.vendor" value="Oracle Corporation"/>
    <property name="java.version.date" value="2021-01-19"/>
    <property name="java.home" value="/usr/local/Cellar/openjdk/15.0.2/libexec/openjdk.jdk/Contents/Home"/>
    <property name="file.separator" value="/"/>
    <property name="basedir" value="/Users/baharyildiz/Desktop/hepsiburada/hb-test-automation"/>
    <property name="java.vm.compressedOopsMode" value="Zero based"/>
    <property name="line.separator" value="&#10;"/>
    <property name="java.specification.name" value="Java Platform API Specification"/>
    <property name="java.vm.specification.vendor" value="Oracle Corporation"/>
    <property name="surefire.real.class.path" value="/Users/baharyildiz/Desktop/hepsiburada/hb-test-automation/target/surefire/surefirebooter18087102970951099218.jar"/>
    <property name="sun.management.compiler" value="HotSpot 64-Bit Tiered Compilers"/>
    <property name="ftp.nonProxyHosts" value="local|*.local|169.254/16|*.169.254/16"/>
    <property name="java.runtime.version" value="15.0.2+7"/>
    <property name="user.name" value="baharyildiz"/>
    <property name="path.separator" value=":"/>
    <property name="os.version" value="11.3.1"/>
    <property name="java.runtime.name" value="OpenJDK Runtime Environment"/>
    <property name="file.encoding" value="UTF-8"/>
    <property name="java.vm.name" value="OpenJDK 64-Bit Server VM"/>
    <property name="localRepository" value="/Users/baharyildiz/.m2/repository"/>
    <property name="java.vendor.url.bug" value="https://bugreport.java.com/bugreport/"/>
    <property name="java.io.tmpdir" value="/var/folders/wg/r7hs6lc90fs5m63x3c9v8nfr0000gn/T/"/>
    <property name="java.version" value="15.0.2"/>
    <property name="user.dir" value="/Users/baharyildiz/Desktop/hepsiburada/hb-test-automation"/>
    <property name="os.arch" value="x86_64"/>
    <property name="java.vm.specification.name" value="Java Virtual Machine Specification"/>
    <property name="java.library.path" value="/Users/baharyildiz/Library/Java/Extensions:/Library/Java/Extensions:/Network/Library/Java/Extensions:/System/Library/Java/Extensions:/usr/lib/java:."/>
    <property name="java.vm.info" value="mixed mode, sharing"/>
    <property name="java.vendor" value="N/A"/>
    <property name="java.vm.version" value="15.0.2+7"/>
    <property name="sun.io.unicode.encoding" value="UnicodeBig"/>
    <property name="socksNonProxyHosts" value="local|*.local|169.254/16|*.169.254/16"/>
    <property name="java.class.version" value="59.0"/>
  </properties>
  <testcase name="Adding a product to basket" classname="Adding product" time="16.981"/>
  <testcase name="Login An Account" classname="Checkout product" time="6.037"/>
  <testcase name="Search the product and add to basket" classname="Checkout product" time="14.066"/>
</testsuite>